Using pre-set license
Built from '2020.3/staging' branch; Version is '2020.3.25f1 (9b9180224418) revision 10195328'; Using compiler version '192528614'; Build Type 'Release'
OS: 'Windows 10  (10.0.19044) 64bit ProfessionalWorkstation' Language: 'ru' Physical Memory: 16295 MB
BatchMode: 1, IsHumanControllingUs: 0, StartBugReporterOnCrash: 0, Is64bit: 1, IsPro: 0

COMMAND LINE ARGUMENTS:
E:\Unity 2021\2020.3.25f1\Editor\Unity.exe
-adb2
-batchMode
-noUpm
-name
AssetImportWorker0
-projectPath
D:/UnityHub/UnityProjects/Rep/BallStairsTestTask
-logFile
Logs/AssetImportWorker0.log
-srvPort
49954
Successfully changed project path to: D:/UnityHub/UnityProjects/Rep/BallStairsTestTask
D:/UnityHub/UnityProjects/Rep/BallStairsTestTask
Using Asset Import Pipeline V2.
Refreshing native plugins compatible for Editor in 32.38 ms, found 2 plugins.
Preloading 0 native plugins for Editor in 0.00 ms.
Initialize engine version: 2020.3.25f1 (9b9180224418)
[Subsystems] Discovering subsystems at path E:/Unity 2021/2020.3.25f1/Editor/Data/Resources/UnitySubsystems
[Subsystems] Discovering subsystems at path D:/UnityHub/UnityProjects/Rep/BallStairsTestTask/Assets
GfxDevice: creating device client; threaded=0
Direct3D:
    Version:  Direct3D 11.0 [level 11.1]
    Renderer: NVIDIA GeForce GTX 1060 3GB (ID=0x1c02)
    Vendor:   
    VRAM:     2988 MB
    Driver:   30.0.15.1215
Initialize mono
Mono path[0] = 'E:/Unity 2021/2020.3.25f1/Editor/Data/Managed'
Mono path[1] = 'E:/Unity 2021/2020.3.25f1/Editor/Data/MonoBleedingEdge/lib/mono/unityjit'
Mono config path = 'E:/Unity 2021/2020.3.25f1/Editor/Data/MonoBleedingEdge/etc'
Using monoOptions --debugger-agent=transport=dt_socket,embedding=1,server=y,suspend=n,address=127.0.0.1:56196
Begin MonoManager ReloadAssembly
Registering precompiled unity dll's ...
Register platform support module: E:/Unity 2021/2020.3.25f1/Editor/Data/PlaybackEngines/WindowsStandaloneSupport/UnityEditor.WindowsStandalone.Extensions.dll
Registered in 0.001009 seconds.
Native extension for WindowsStandalone target not found
Refreshing native plugins compatible for Editor in 31.05 ms, found 2 plugins.
Preloading 0 native plugins for Editor in 0.00 ms.
Mono: successfully reloaded assembly
- Completed reload, in  0.557 seconds
Domain Reload Profiling:
	ReloadAssembly (557ms)
		BeginReloadAssembly (50ms)
			ExecutionOrderSort (0ms)
			DisableScriptedObjects (0ms)
			BackupInstance (0ms)
			ReleaseScriptingObjects (0ms)
			CreateAndSetChildDomain (1ms)
		EndReloadAssembly (441ms)
			LoadAssemblies (49ms)
			RebuildTransferFunctionScriptingTraits (0ms)
			SetupTypeCache (146ms)
			ReleaseScriptCaches (0ms)
			RebuildScriptCaches (34ms)
			SetupLoadedEditorAssemblies (162ms)
				LogAssemblyErrors (0ms)
				InitializePlatformSupportModulesInManaged (4ms)
				SetLoadedEditorAssemblies (0ms)
				RefreshPlugins (31ms)
				BeforeProcessingInitializeOnLoad (17ms)
				ProcessInitializeOnLoadAttributes (81ms)
				ProcessInitializeOnLoadMethodAttributes (28ms)
				AfterProcessingInitializeOnLoad (0ms)
				EditorAssembliesLoaded (0ms)
			ExecutionOrderSort2 (0ms)
			AwakeInstancesAfterBackupRestoration (0ms)
Platform modules already initialized, skipping
Registering precompiled user dll's ...
Registered in 0.002507 seconds.
Begin MonoManager ReloadAssembly
Native extension for WindowsStandalone target not found
Refreshing native plugins compatible for Editor in 0.32 ms, found 2 plugins.
Preloading 0 native plugins for Editor in 0.00 ms.
Mono: successfully reloaded assembly
- Completed reload, in  0.949 seconds
Domain Reload Profiling:
	ReloadAssembly (950ms)
		BeginReloadAssembly (137ms)
			ExecutionOrderSort (0ms)
			DisableScriptedObjects (5ms)
			BackupInstance (0ms)
			ReleaseScriptingObjects (0ms)
			CreateAndSetChildDomain (18ms)
		EndReloadAssembly (759ms)
			LoadAssemblies (79ms)
			RebuildTransferFunctionScriptingTraits (0ms)
			SetupTypeCache (258ms)
			ReleaseScriptCaches (0ms)
			RebuildScriptCaches (46ms)
			SetupLoadedEditorAssemblies (291ms)
				LogAssemblyErrors (0ms)
				InitializePlatformSupportModulesInManaged (4ms)
				SetLoadedEditorAssemblies (0ms)
				RefreshPlugins (0ms)
				BeforeProcessingInitializeOnLoad (74ms)
				ProcessInitializeOnLoadAttributes (200ms)
				ProcessInitializeOnLoadMethodAttributes (9ms)
				AfterProcessingInitializeOnLoad (2ms)
				EditorAssembliesLoaded (0ms)
			ExecutionOrderSort2 (0ms)
			AwakeInstancesAfterBackupRestoration (6ms)
Platform modules already initialized, skipping
========================================================================
Worker process is ready to serve import requests
Launched and connected shader compiler UnityShaderCompiler.exe after 0.04 seconds
Refreshing native plugins compatible for Editor in 0.32 ms, found 2 plugins.
Preloading 0 native plugins for Editor in 0.00 ms.
Unloading 1545 Unused Serialized files (Serialized files now loaded: 0)
System memory in use before: 71.4 MB.
System memory in use after: 71.5 MB.

Unloading 18 unused Assets to reduce memory usage. Loaded Objects now: 1983.
Total: 2.656000 ms (FindLiveObjects: 0.167500 ms CreateObjectMapping: 0.055000 ms MarkObjects: 2.366800 ms  DeleteObjects: 0.065900 ms)

AssetImportParameters requested are different than current active one (requested -> active):
  custom:framework-win-MediaFoundation: 216162199b28c13a410421893ffa2e32 -> 
  custom:video-decoder-ogg-theora: a1e56fd34408186e4bbccfd4996cb3dc -> 
  custom:container-muxer-webm: aa71ff27fc2769a1b78a27578f13a17b -> 
  custom:container-demuxer-webm: 4f35f7cbe854078d1ac9338744f61a02 -> 
  custom:container-demuxer-ogg: 62fdf1f143b41e24485cea50d1cbac27 -> 
  custom:video-encoder-webm-vp8: eb34c28f22e8b96e1ab97ce403110664 -> 
  custom:video-decoder-webm-vp8: 9c59270c3fd7afecdb556c50c9e8de78 -> 
  custom:audio-decoder-ogg-vorbis: bf7c407c2cedff20999df2af8eb42d56 -> 
  custom:audio-encoder-webm-vorbis: bf7c407c2cedff20999df2af8eb42d56 -> 
========================================================================
Received Import Request.
  path: Assets/Scenes
  artifactKey: Guid(6feb6645fc7504841aeb50b49e678090) Importer(815301076,1909f56bfc062723c751e8b465ee728b)
Start importing Assets/Scenes using Guid(6feb6645fc7504841aeb50b49e678090) Importer(815301076,1909f56bfc062723c751e8b465ee728b)  -> (artifact id: 'c998f1db62cfdb0e5ec582a7bcfab2e1') in 0.007225 seconds 
  Import took 0.009483 seconds .

========================================================================
Received Import Request.
  Time since last request: 0.439669 seconds.
  path: Assets/Resources
  artifactKey: Guid(ea9f23f169657db479e1e2db5276b9dd) Importer(815301076,1909f56bfc062723c751e8b465ee728b)
Start importing Assets/Resources using Guid(ea9f23f169657db479e1e2db5276b9dd) Importer(815301076,1909f56bfc062723c751e8b465ee728b)  -> (artifact id: 'dee08d249c21d7afb23ac63828aa534f') in 0.005840 seconds 
  Import took 0.008266 seconds .

========================================================================
Received Import Request.
  Time since last request: 13.323126 seconds.
  path: Assets/Resources/DOTweenSettings.asset
  artifactKey: Guid(365bb4c01fba34641884283eaf469c40) Importer(815301076,1909f56bfc062723c751e8b465ee728b)
Start importing Assets/Resources/DOTweenSettings.asset using Guid(365bb4c01fba34641884283eaf469c40) Importer(815301076,1909f56bfc062723c751e8b465ee728b)  -> (artifact id: '599ac26b05d4560e8c2384d9fd46a9d8') in 0.045651 seconds 
  Import took 0.048094 seconds .

========================================================================
Received Import Request.
  Time since last request: 4.798025 seconds.
  path: Assets/Sources
  artifactKey: Guid(f6ff2a7c33538a542b3dd35e93357b15) Importer(815301076,1909f56bfc062723c751e8b465ee728b)
Start importing Assets/Sources using Guid(f6ff2a7c33538a542b3dd35e93357b15) Importer(815301076,1909f56bfc062723c751e8b465ee728b)  -> (artifact id: 'd4bd8a118639a527df439a8e70ab0042') in 0.006404 seconds 
  Import took 0.009333 seconds .

========================================================================
Received Import Request.
  Time since last request: 5.911390 seconds.
  path: Assets/Sources/Presenter
  artifactKey: Guid(ec9b72a15345036429ca19c40f1a23be) Importer(815301076,1909f56bfc062723c751e8b465ee728b)
Start importing Assets/Sources/Presenter using Guid(ec9b72a15345036429ca19c40f1a23be) Importer(815301076,1909f56bfc062723c751e8b465ee728b)  -> (artifact id: 'f00e653e28f2e210b096bd4d7b736911') in 0.006582 seconds 
  Import took 0.009492 seconds .

========================================================================
Received Import Request.
  Time since last request: 2.223278 seconds.
  path: Assets/Sources/Model
  artifactKey: Guid(ee2a713270046e940ba04e5840880034) Importer(815301076,1909f56bfc062723c751e8b465ee728b)
Start importing Assets/Sources/Model using Guid(ee2a713270046e940ba04e5840880034) Importer(815301076,1909f56bfc062723c751e8b465ee728b)  -> (artifact id: 'ac56ddf82ee47f93db49c76b45317c03') in 0.005729 seconds 
  Import took 0.008306 seconds .

========================================================================
Received Import Request.
  Time since last request: 0.984593 seconds.
  path: Assets/Sources/Model/BallMovement.cs
  artifactKey: Guid(f171cc67983c7d346b150aa0b0643508) Importer(815301076,1909f56bfc062723c751e8b465ee728b)
Start importing Assets/Sources/Model/BallMovement.cs using Guid(f171cc67983c7d346b150aa0b0643508) Importer(815301076,1909f56bfc062723c751e8b465ee728b)  -> (artifact id: '821ffc91a23c5062dc9af4283e596b36') in 0.008124 seconds 
  Import took 0.010465 seconds .

========================================================================
Received Prepare
Refreshing native plugins compatible for Editor in 1.98 ms, found 2 plugins.
Preloading 0 native plugins for Editor in 0.00 ms.
Unloading 11 Unused Serialized files (Serialized files now loaded: 0)
System memory in use before: 39.9 MB.
System memory in use after: 40.0 MB.

Unloading 11 unused Assets to reduce memory usage. Loaded Objects now: 1983.
Total: 2.648700 ms (FindLiveObjects: 0.115800 ms CreateObjectMapping: 0.051000 ms MarkObjects: 2.454400 ms  DeleteObjects: 0.026600 ms)

AssetImportParameters requested are different than current active one (requested -> active):
  custom:framework-win-MediaFoundation: 216162199b28c13a410421893ffa2e32 -> 
  custom:video-decoder-ogg-theora: a1e56fd34408186e4bbccfd4996cb3dc -> 
  custom:container-muxer-webm: aa71ff27fc2769a1b78a27578f13a17b -> 
  custom:container-demuxer-webm: 4f35f7cbe854078d1ac9338744f61a02 -> 
  custom:container-demuxer-ogg: 62fdf1f143b41e24485cea50d1cbac27 -> 
  custom:video-encoder-webm-vp8: eb34c28f22e8b96e1ab97ce403110664 -> 
  custom:video-decoder-webm-vp8: 9c59270c3fd7afecdb556c50c9e8de78 -> 
  custom:audio-decoder-ogg-vorbis: bf7c407c2cedff20999df2af8eb42d56 -> 
  custom:audio-encoder-webm-vorbis: bf7c407c2cedff20999df2af8eb42d56 -> 
========================================================================
Received Import Request.
  Time since last request: 4.599602 seconds.
  path: Assets/Sources/Model/EnemiesSpawner.cs
  artifactKey: Guid(06c79f25bcbbe7b4589e56d0d53224d3) Importer(815301076,1909f56bfc062723c751e8b465ee728b)
Start importing Assets/Sources/Model/EnemiesSpawner.cs using Guid(06c79f25bcbbe7b4589e56d0d53224d3) Importer(815301076,1909f56bfc062723c751e8b465ee728b)  -> (artifact id: 'd1fedd6e89105e568649fe2cd5b08732') in 0.005226 seconds 
  Import took 0.007731 seconds .

========================================================================
Received Import Request.
  Time since last request: 11.671984 seconds.
  path: Assets/Sources/Model/Enemy.cs
  artifactKey: Guid(642677d7ee0a05746aaa92a6f9b2b05c) Importer(815301076,1909f56bfc062723c751e8b465ee728b)
Start importing Assets/Sources/Model/Enemy.cs using Guid(642677d7ee0a05746aaa92a6f9b2b05c) Importer(815301076,1909f56bfc062723c751e8b465ee728b)  -> (artifact id: 'd1a29a9f53d7c78dd9b30f424f98ab09') in 0.007550 seconds 
  Import took 0.010230 seconds .

========================================================================
Received Import Request.
  Time since last request: 6.589163 seconds.
  path: Assets/Sources/Model/LeaderboardPlace.cs
  artifactKey: Guid(9dc67e2b405dea94ea5d2790d56a1704) Importer(815301076,1909f56bfc062723c751e8b465ee728b)
Start importing Assets/Sources/Model/LeaderboardPlace.cs using Guid(9dc67e2b405dea94ea5d2790d56a1704) Importer(815301076,1909f56bfc062723c751e8b465ee728b)  -> (artifact id: '1bff9f0634d6b08863ce3a1fc3fb6fb8') in 0.005638 seconds 
  Import took 0.008049 seconds .

========================================================================
Received Import Request.
  Time since last request: 3.883599 seconds.
  path: Assets/Sources/Model/MainBall.cs
  artifactKey: Guid(9d96bc3a91cc8ba4bacc8bfbf4684fb9) Importer(815301076,1909f56bfc062723c751e8b465ee728b)
Start importing Assets/Sources/Model/MainBall.cs using Guid(9d96bc3a91cc8ba4bacc8bfbf4684fb9) Importer(815301076,1909f56bfc062723c751e8b465ee728b)  -> (artifact id: '4d9c7e6603647db265cc09ffa41bed7d') in 0.006596 seconds 
  Import took 0.010542 seconds .

========================================================================
Received Import Request.
  Time since last request: 3.333070 seconds.
  path: Assets/Sources/Model/PlayerScore.cs
  artifactKey: Guid(2ab2d0a469f5f1e4cb8815f6e97ae492) Importer(815301076,1909f56bfc062723c751e8b465ee728b)
Start importing Assets/Sources/Model/PlayerScore.cs using Guid(2ab2d0a469f5f1e4cb8815f6e97ae492) Importer(815301076,1909f56bfc062723c751e8b465ee728b)  -> (artifact id: 'dd369175855b0e41786b72b1d73b57d1') in 0.005614 seconds 
  Import took 0.007873 seconds .

========================================================================
Received Import Request.
  Time since last request: 6.200680 seconds.
  path: Assets/Sources/Presenter/EnemyPresenter.cs
  artifactKey: Guid(7b167dd21943da345816e2b911dbbb44) Importer(815301076,1909f56bfc062723c751e8b465ee728b)
Start importing Assets/Sources/Presenter/EnemyPresenter.cs using Guid(7b167dd21943da345816e2b911dbbb44) Importer(815301076,1909f56bfc062723c751e8b465ee728b)  -> (artifact id: '6cca6ee692a79d9fe4b251a01fb55627') in 0.005133 seconds 
  Import took 0.007723 seconds .

========================================================================
Received Import Request.
  Time since last request: 3.186491 seconds.
  path: Assets/Sources/Presenter/EnemySpawnerPresenter.cs
  artifactKey: Guid(08a9f8721f832c34097a209ab5609344) Importer(815301076,1909f56bfc062723c751e8b465ee728b)
Start importing Assets/Sources/Presenter/EnemySpawnerPresenter.cs using Guid(08a9f8721f832c34097a209ab5609344) Importer(815301076,1909f56bfc062723c751e8b465ee728b)  -> (artifact id: '7cc5eee2d400afd64b98c47907dc7133') in 0.006384 seconds 
  Import took 0.008769 seconds .

========================================================================
Received Import Request.
  Time since last request: 7.593094 seconds.
  path: Assets/Sources/Presenter/PlayerPresenter.cs
  artifactKey: Guid(eaebe12ab1a551e4b939cbf26df4094e) Importer(815301076,1909f56bfc062723c751e8b465ee728b)
Start importing Assets/Sources/Presenter/PlayerPresenter.cs using Guid(eaebe12ab1a551e4b939cbf26df4094e) Importer(815301076,1909f56bfc062723c751e8b465ee728b)  -> (artifact id: 'd14a1a9fbabd57a8c75427f900458440') in 0.005366 seconds 
  Import took 0.007754 seconds .

========================================================================
Received Import Request.
  Time since last request: 11.845114 seconds.
  path: Assets/Sources/View
  artifactKey: Guid(cf40796c89426d34a82a6d4a2dbaa7cb) Importer(815301076,1909f56bfc062723c751e8b465ee728b)
Start importing Assets/Sources/View using Guid(cf40796c89426d34a82a6d4a2dbaa7cb) Importer(815301076,1909f56bfc062723c751e8b465ee728b)  -> (artifact id: 'ae1ff68d255ad3a641f44c6938c2fc94') in 0.005897 seconds 
  Import took 0.008658 seconds .

========================================================================
Received Import Request.
  Time since last request: 1.298816 seconds.
  path: Assets/Sources/View/ButtonActions.cs
  artifactKey: Guid(11ccb406ca803cc44b8990ce8117bda3) Importer(815301076,1909f56bfc062723c751e8b465ee728b)
Start importing Assets/Sources/View/ButtonActions.cs using Guid(11ccb406ca803cc44b8990ce8117bda3) Importer(815301076,1909f56bfc062723c751e8b465ee728b)  -> (artifact id: '17c84875e1c6ce1cd1e24e4326bdb4be') in 0.005261 seconds 
  Import took 0.007774 seconds .

========================================================================
Received Import Request.
  Time since last request: 14.823232 seconds.
  path: Assets/Sources/View/CameraMovement.cs
  artifactKey: Guid(4a205b0ba7667c34daa79a9af094a47e) Importer(815301076,1909f56bfc062723c751e8b465ee728b)
Start importing Assets/Sources/View/CameraMovement.cs using Guid(4a205b0ba7667c34daa79a9af094a47e) Importer(815301076,1909f56bfc062723c751e8b465ee728b)  -> (artifact id: '42b11120dac622c557512a7c560bb801') in 0.006226 seconds 
  Import took 0.008597 seconds .

========================================================================
Received Import Request.
  Time since last request: 2.901845 seconds.
  path: Assets/Sources/View/CollisionDetector.cs
  artifactKey: Guid(bcccbda0faa217441ace3680eb264d6c) Importer(815301076,1909f56bfc062723c751e8b465ee728b)
Start importing Assets/Sources/View/CollisionDetector.cs using Guid(bcccbda0faa217441ace3680eb264d6c) Importer(815301076,1909f56bfc062723c751e8b465ee728b)  -> (artifact id: '22b914787030d8073a2c629e14076663') in 0.041696 seconds 
  Import took 0.044789 seconds .

========================================================================
Received Import Request.
  Time since last request: 2.855742 seconds.
  path: Assets/Sources/View/EndGameWindowView.cs
  artifactKey: Guid(ab098068e1b44dd4b86f368cf18bed6c) Importer(815301076,1909f56bfc062723c751e8b465ee728b)
Start importing Assets/Sources/View/EndGameWindowView.cs using Guid(ab098068e1b44dd4b86f368cf18bed6c) Importer(815301076,1909f56bfc062723c751e8b465ee728b)  -> (artifact id: '64d8eada6d5468762dfa71090daa26d2') in 0.005255 seconds 
  Import took 0.007854 seconds .

========================================================================
Received Import Request.
  Time since last request: 2.194298 seconds.
  path: Assets/Sources/View/EnemySpawnerView.cs
  artifactKey: Guid(114047e3486ba2143a5d4007d32ffe96) Importer(815301076,1909f56bfc062723c751e8b465ee728b)
Start importing Assets/Sources/View/EnemySpawnerView.cs using Guid(114047e3486ba2143a5d4007d32ffe96) Importer(815301076,1909f56bfc062723c751e8b465ee728b)  -> (artifact id: 'aff88972661b2540f15a3572b1043050') in 0.007507 seconds 
  Import took 0.010507 seconds .

========================================================================
Received Import Request.
  Time since last request: 2.377370 seconds.
  path: Assets/Sources/View/InfiniteStairView.cs
  artifactKey: Guid(85e0dc59e709f3c49a49347533ab1ff5) Importer(815301076,1909f56bfc062723c751e8b465ee728b)
Start importing Assets/Sources/View/InfiniteStairView.cs using Guid(85e0dc59e709f3c49a49347533ab1ff5) Importer(815301076,1909f56bfc062723c751e8b465ee728b)  -> (artifact id: 'ae5193cf85c2e59969900bcd7b4d3426') in 0.005781 seconds 
  Import took 0.008173 seconds .

========================================================================
Received Import Request.
  Time since last request: 5.618384 seconds.
  path: Assets/Sources/View/JumpMovementView.cs
  artifactKey: Guid(12514128c5ed1354cbcc587e1a430da8) Importer(815301076,1909f56bfc062723c751e8b465ee728b)
Start importing Assets/Sources/View/JumpMovementView.cs using Guid(12514128c5ed1354cbcc587e1a430da8) Importer(815301076,1909f56bfc062723c751e8b465ee728b)  -> (artifact id: 'cf53cf98f6125841910320c876638837') in 0.005258 seconds 
  Import took 0.008043 seconds .

========================================================================
Received Import Request.
  Time since last request: 4.645686 seconds.
  path: Assets/Sources/View/LeaderboardView.cs
  artifactKey: Guid(2867ac7d437e19f45bde48933240cab4) Importer(815301076,1909f56bfc062723c751e8b465ee728b)
Start importing Assets/Sources/View/LeaderboardView.cs using Guid(2867ac7d437e19f45bde48933240cab4) Importer(815301076,1909f56bfc062723c751e8b465ee728b)  -> (artifact id: 'f91b52c7d34104dbf51131330a5b7403') in 0.004881 seconds 
  Import took 0.007095 seconds .

========================================================================
Received Import Request.
  Time since last request: 0.449933 seconds.
  path: Assets/Sources/View/PlayerInput.cs
  artifactKey: Guid(139a2c776d33f774594f76e7509c3239) Importer(815301076,1909f56bfc062723c751e8b465ee728b)
Start importing Assets/Sources/View/PlayerInput.cs using Guid(139a2c776d33f774594f76e7509c3239) Importer(815301076,1909f56bfc062723c751e8b465ee728b)  -> (artifact id: 'b7a15434de894a2fb3f72b2623cc2424') in 0.004800 seconds 
  Import took 0.007044 seconds .

========================================================================
Received Import Request.
  Time since last request: 0.619850 seconds.
  path: Assets/Sources/View/ScoreView.cs
  artifactKey: Guid(4762fc178e07c2849806240b2a8bf32a) Importer(815301076,1909f56bfc062723c751e8b465ee728b)
Start importing Assets/Sources/View/ScoreView.cs using Guid(4762fc178e07c2849806240b2a8bf32a) Importer(815301076,1909f56bfc062723c751e8b465ee728b)  -> (artifact id: '904ae8eab8f0f26eb857e77b663c7c62') in 0.005463 seconds 
  Import took 0.008075 seconds .

AssetImportWorkerClient::OnTransportError - code=2 error=End of file
